<?xml version="1.0" encoding="UTF-8"?>
<testng-results skipped="0" failed="0" ignored="0" total="1" passed="1">
  <reporter-output>
  </reporter-output>
  <suite name="TestNG Suite" duration-ms="43" started-at="2020-08-12T07:52:04Z" finished-at="2020-08-12T07:52:04Z">
    <groups>
    </groups>
    <test name="Test" duration-ms="43" started-at="2020-08-12T07:52:04Z" finished-at="2020-08-12T07:52:04Z">
      <class name="testCases.TestCase">
        <test-method status="PASS" signature="test()[pri:0, instance:testCases.TestCase@69d9c55]" name="test" duration-ms="17" started-at="2020-08-12T13:22:04Z" finished-at="2020-08-12T13:22:04Z">
          <reporter-output>
          </reporter-output>
        </test-method> <!-- test -->
      </class> <!-- testCases.TestCase -->
    </test> <!-- Test -->
  </suite> <!-- TestNG Suite -->
</testng-results>
