<?xml version="1.0" encoding="UTF-8"?>
<testng-results skipped="0" failed="0" ignored="0" total="1" passed="1">
  <reporter-output>
  </reporter-output>
  <suite name="Default suite" duration-ms="72" started-at="2020-08-13T08:04:41 IST" finished-at="2020-08-13T08:04:41 IST">
    <groups>
    </groups>
    <test name="Default test" duration-ms="72" started-at="2020-08-13T08:04:41 IST" finished-at="2020-08-13T08:04:41 IST">
      <class name="testCases.TestCase">
        <test-method status="PASS" signature="test()[pri:0, instance:testCases.TestCase@7b49cea0]" name="test" duration-ms="14" started-at="2020-08-13T08:04:41 IST" finished-at="2020-08-13T08:04:41 IST">
          <reporter-output>
          </reporter-output>
        </test-method> <!-- test -->
      </class> <!-- testCases.TestCase -->
    </test> <!-- Default test -->
  </suite> <!-- Default suite -->
</testng-results>
